Started GET "/api/page/" for 127.0.0.1 at 2022-12-16 23:18:48 +0100
  
ActionController::RoutingError (No route matches [GET] "/api/page"):
  
Started GET "/api/side/" for 127.0.0.1 at 2022-12-16 23:18:48 +0100
  
ActionController::RoutingError (No route matches [GET] "/api/side"):
  
Started GET "/api/side/edit" for 127.0.0.1 at 2022-12-16 23:18:56 +0100
Processing by SidePanelController#side as */*
  Parameters: {"id"=>"edit"}
Completed 500 Internal Server Error in 0ms (Allocations: 181)


  
Errno::ENOENT (No such file or directory @ rb_sysopen - ./side_panels/edit.md):
  
app/controllers/side_panel_controller.rb:3:in `initialize'
app/controllers/side_panel_controller.rb:3:in `open'
app/controllers/side_panel_controller.rb:3:in `side'
Started GET "/api/side/edit" for 127.0.0.1 at 2022-12-16 23:22:03 +0100
Processing by SidePanelController#side as */*
  Parameters: {"id"=>"edit"}
Completed 500 Internal Server Error in 0ms (Allocations: 184)


  
Errno::ENOENT (No such file or directory @ rb_sysopen - ./side_panels/edit.md):
  
app/controllers/side_panel_controller.rb:3:in `initialize'
app/controllers/side_panel_controller.rb:3:in `open'
app/controllers/side_panel_controller.rb:3:in `side'
Started GET "/api/list" for 127.0.0.1 at 2022-12-16 23:25:52 +0100
Processing by MainPagesController#list as */*
  Rendering main_pages/list.json.jbuilder
  Rendered main_pages/list.json.jbuilder (Duration: 3.1ms | Allocations: 418)
Completed 200 OK in 41ms (Views: 7.1ms | Allocations: 2224)


Started GET "/api/side/edit&Jaako" for 127.0.0.1 at 2022-12-16 23:26:14 +0100
Processing by SidePanelController#side as */*
  Parameters: {"id"=>"edit&Jaako"}
Completed 500 Internal Server Error in 0ms (Allocations: 112)


  
Errno::ENOENT (No such file or directory @ rb_sysopen - ./side_panels/edit&Jaako.md):
  
app/controllers/side_panel_controller.rb:3:in `initialize'
app/controllers/side_panel_controller.rb:3:in `open'
app/controllers/side_panel_controller.rb:3:in `side'
Started GET "/api/page/Jaako" for 127.0.0.1 at 2022-12-16 23:26:14 +0100
Processing by MainPagesController#page as */*
  Parameters: {"id"=>"Jaako"}
  Rendering main_pages/page.json.jbuilder
  Rendered main_pages/page.json.jbuilder (Duration: 4.7ms | Allocations: 134)
Completed 200 OK in 7ms (Views: 5.9ms | Allocations: 446)


Started GET "/api/side/Jaako" for 127.0.0.1 at 2022-12-16 23:26:14 +0100
Processing by SidePanelController#side as */*
  Parameters: {"id"=>"Jaako"}
  Rendering side_panel/side.json.jbuilder
  Rendered side_panel/side.json.jbuilder (Duration: 1.3ms | Allocations: 131)
Completed 200 OK in 10ms (Views: 9.8ms | Allocations: 639)


Started GET "/api/page/Jaako" for 127.0.0.1 at 2022-12-16 23:29:49 +0100
Processing by MainPagesController#page as */*
  Parameters: {"id"=>"Jaako"}
  Rendering main_pages/page.json.jbuilder
  Rendered main_pages/page.json.jbuilder (Duration: 1.0ms | Allocations: 65)
Completed 200 OK in 2ms (Views: 1.7ms | Allocations: 282)


Started GET "/api/side/Jaako" for 127.0.0.1 at 2022-12-16 23:29:49 +0100
Processing by SidePanelController#side as */*
  Parameters: {"id"=>"Jaako"}
  Rendering side_panel/side.json.jbuilder
  Rendered side_panel/side.json.jbuilder (Duration: 0.3ms | Allocations: 33)
Completed 200 OK in 2ms (Views: 1.8ms | Allocations: 236)


Started GET "/api/side/edit&Jaako" for 127.0.0.1 at 2022-12-16 23:29:54 +0100
Processing by SidePanelController#side as */*
  Parameters: {"id"=>"edit&Jaako"}
Completed 500 Internal Server Error in 0ms (Allocations: 107)


  
Errno::ENOENT (No such file or directory @ rb_sysopen - ./side_panels/edit&Jaako.md):
  
app/controllers/side_panel_controller.rb:3:in `initialize'
app/controllers/side_panel_controller.rb:3:in `open'
app/controllers/side_panel_controller.rb:3:in `side'
Started GET "/api/page/Jaako" for 127.0.0.1 at 2022-12-16 23:29:54 +0100
Processing by MainPagesController#page as */*
  Parameters: {"id"=>"Jaako"}
  Rendering main_pages/page.json.jbuilder
  Rendered main_pages/page.json.jbuilder (Duration: 1.0ms | Allocations: 65)
Completed 200 OK in 3ms (Views: 1.5ms | Allocations: 269)


Started GET "/api/side/Jaako" for 127.0.0.1 at 2022-12-16 23:29:54 +0100
Processing by SidePanelController#side as */*
  Parameters: {"id"=>"Jaako"}
  Rendering side_panel/side.json.jbuilder
  Rendered side_panel/side.json.jbuilder (Duration: 0.2ms | Allocations: 34)
Completed 200 OK in 1ms (Views: 1.0ms | Allocations: 238)


Started GET "/api/page/Jaako" for 127.0.0.1 at 2022-12-16 23:32:11 +0100
Processing by MainPagesController#page as */*
  Parameters: {"id"=>"Jaako"}
  Rendering main_pages/page.json.jbuilder
  Rendered main_pages/page.json.jbuilder (Duration: 1.1ms | Allocations: 65)
Completed 200 OK in 10ms (Views: 1.7ms | Allocations: 269)


Started GET "/api/side/Jaako" for 127.0.0.1 at 2022-12-16 23:32:12 +0100
Processing by SidePanelController#side as */*
  Parameters: {"id"=>"Jaako"}
  Rendering side_panel/side.json.jbuilder
  Rendered side_panel/side.json.jbuilder (Duration: 0.2ms | Allocations: 33)
Completed 200 OK in 1ms (Views: 0.7ms | Allocations: 235)


Started GET "/api/side/edit&Jaako" for 127.0.0.1 at 2022-12-16 23:32:19 +0100
Processing by SidePanelController#side as */*
  Parameters: {"id"=>"edit&Jaako"}
Completed 500 Internal Server Error in 14ms (Allocations: 100)


  
Errno::ENOENT (No such file or directory @ rb_sysopen - ./side_panels/edit&Jaako.md):
  
app/controllers/side_panel_controller.rb:3:in `initialize'
app/controllers/side_panel_controller.rb:3:in `open'
app/controllers/side_panel_controller.rb:3:in `side'
Started GET "/api/page/Jaako" for 127.0.0.1 at 2022-12-16 23:32:19 +0100
Processing by MainPagesController#page as */*
  Parameters: {"id"=>"Jaako"}
  Rendering main_pages/page.json.jbuilder
  Rendered main_pages/page.json.jbuilder (Duration: 1.0ms | Allocations: 64)
Completed 200 OK in 5ms (Views: 4.7ms | Allocations: 269)


Started GET "/api/side/Jaako" for 127.0.0.1 at 2022-12-16 23:32:19 +0100
Processing by SidePanelController#side as */*
  Parameters: {"id"=>"Jaako"}
  Rendering side_panel/side.json.jbuilder
  Rendered side_panel/side.json.jbuilder (Duration: 0.2ms | Allocations: 33)
Completed 200 OK in 1ms (Views: 0.6ms | Allocations: 236)


Started GET "/api/page/Jaako" for 127.0.0.1 at 2022-12-16 23:33:09 +0100
Processing by MainPagesController#page as */*
  Parameters: {"id"=>"Jaako"}
  Rendering main_pages/page.json.jbuilder
  Rendered main_pages/page.json.jbuilder (Duration: 1.6ms | Allocations: 64)
Completed 200 OK in 2ms (Views: 2.0ms | Allocations: 266)


Started GET "/api/side/Jaako" for 127.0.0.1 at 2022-12-16 23:33:09 +0100
Processing by SidePanelController#side as */*
  Parameters: {"id"=>"Jaako"}
  Rendering side_panel/side.json.jbuilder
  Rendered side_panel/side.json.jbuilder (Duration: 0.2ms | Allocations: 33)
Completed 200 OK in 7ms (Views: 7.3ms | Allocations: 235)


Started GET "/api/side/edit&Jaako" for 127.0.0.1 at 2022-12-16 23:33:46 +0100
Processing by SidePanelController#side as */*
  Parameters: {"id"=>"edit&Jaako"}
Completed 500 Internal Server Error in 1ms (Allocations: 186)


  
Errno::ENOENT (No such file or directory @ rb_sysopen - ./side_panels/edit&Jaako.md):
  
app/controllers/side_panel_controller.rb:3:in `initialize'
app/controllers/side_panel_controller.rb:3:in `open'
app/controllers/side_panel_controller.rb:3:in `side'
Started GET "/api/page/Jaako" for 127.0.0.1 at 2022-12-16 23:33:46 +0100
Processing by MainPagesController#page as */*
  Parameters: {"id"=>"Jaako"}
  Rendering main_pages/page.json.jbuilder
  Rendered main_pages/page.json.jbuilder (Duration: 2.8ms | Allocations: 318)
Completed 200 OK in 8ms (Views: 5.6ms | Allocations: 2034)


Started GET "/api/side/Jaako" for 127.0.0.1 at 2022-12-16 23:33:46 +0100
Processing by SidePanelController#side as */*
  Parameters: {"id"=>"Jaako"}
  Rendering side_panel/side.json.jbuilder
  Rendered side_panel/side.json.jbuilder (Duration: 0.6ms | Allocations: 133)
Completed 200 OK in 10ms (Views: 9.4ms | Allocations: 690)


Started POST "/api/edit/Jaako" for 127.0.0.1 at 2022-12-16 23:33:54 +0100
  
ActionController::RoutingError (No route matches [POST] "/api/edit/Jaako"):
  
Started POST "/api/edit/Jaako" for 127.0.0.1 at 2022-12-16 23:34:22 +0100
  
ActionController::RoutingError (No route matches [POST] "/api/edit/Jaako"):
  
Started POST "/api/edit/Jaako" for 127.0.0.1 at 2022-12-16 23:34:24 +0100
  
ActionController::RoutingError (No route matches [POST] "/api/edit/Jaako"):
  
Started POST "/api/edit/Jaako" for 127.0.0.1 at 2022-12-16 23:34:25 +0100
  
ActionController::RoutingError (No route matches [POST] "/api/edit/Jaako"):
  
Started POST "/api/edit/Jaako" for 127.0.0.1 at 2022-12-16 23:34:25 +0100
  
ActionController::RoutingError (No route matches [POST] "/api/edit/Jaako"):
  
Started POST "/api/edit/Jaako" for 127.0.0.1 at 2022-12-16 23:34:25 +0100
  
ActionController::RoutingError (No route matches [POST] "/api/edit/Jaako"):
  
Started POST "/api/edit/Jaako" for 127.0.0.1 at 2022-12-16 23:34:25 +0100
  
ActionController::RoutingError (No route matches [POST] "/api/edit/Jaako"):
  
Started POST "/api/edit/Jaako" for 127.0.0.1 at 2022-12-16 23:34:25 +0100
  
ActionController::RoutingError (No route matches [POST] "/api/edit/Jaako"):
  
Started POST "/api/edit/Jaako" for 127.0.0.1 at 2022-12-16 23:34:25 +0100
  
ActionController::RoutingError (No route matches [POST] "/api/edit/Jaako"):
  
Started GET "/api/page/Jaako" for 127.0.0.1 at 2022-12-16 23:42:12 +0100
Processing by MainPagesController#page as */*
  Parameters: {"id"=>"Jaako"}
  Rendering main_pages/page.json.jbuilder
  Rendered main_pages/page.json.jbuilder (Duration: 1.3ms | Allocations: 66)
Completed 200 OK in 8ms (Views: 7.4ms | Allocations: 288)


Started GET "/api/side/Jaako" for 127.0.0.1 at 2022-12-16 23:42:12 +0100
Processing by SidePanelController#side as */*
  Parameters: {"id"=>"Jaako"}
  Rendering side_panel/side.json.jbuilder
  Rendered side_panel/side.json.jbuilder (Duration: 0.1ms | Allocations: 33)
Completed 200 OK in 1ms (Views: 0.6ms | Allocations: 240)


Started GET "/api/page/Jaako" for 127.0.0.1 at 2022-12-16 23:42:56 +0100
Processing by MainPagesController#page as */*
  Parameters: {"id"=>"Jaako"}
  Rendering main_pages/page.json.jbuilder
  Rendered main_pages/page.json.jbuilder (Duration: 1.0ms | Allocations: 65)
Completed 200 OK in 2ms (Views: 1.5ms | Allocations: 269)


Started GET "/api/side/Jaako" for 127.0.0.1 at 2022-12-16 23:42:56 +0100
Processing by SidePanelController#side as */*
  Parameters: {"id"=>"Jaako"}
  Rendering side_panel/side.json.jbuilder
  Rendered side_panel/side.json.jbuilder (Duration: 0.1ms | Allocations: 33)
Completed 200 OK in 1ms (Views: 0.5ms | Allocations: 235)


Started GET "/api/page/Jaako" for 127.0.0.1 at 2022-12-16 23:43:49 +0100
Processing by MainPagesController#page as */*
  Parameters: {"id"=>"Jaako"}
  Rendering main_pages/page.json.jbuilder
  Rendered main_pages/page.json.jbuilder (Duration: 1.0ms | Allocations: 64)
Completed 200 OK in 3ms (Views: 3.1ms | Allocations: 266)


Started GET "/api/side/Jaako" for 127.0.0.1 at 2022-12-16 23:43:49 +0100
Processing by SidePanelController#side as */*
  Parameters: {"id"=>"Jaako"}
  Rendering side_panel/side.json.jbuilder
  Rendered side_panel/side.json.jbuilder (Duration: 0.1ms | Allocations: 33)
Completed 200 OK in 1ms (Views: 0.7ms | Allocations: 235)


Started GET "/api/side/edit&Jaako" for 127.0.0.1 at 2022-12-16 23:53:28 +0100
Processing by SidePanelController#side as */*
  Parameters: {"id"=>"edit&Jaako"}
Completed 500 Internal Server Error in 0ms (Allocations: 105)


  
Errno::ENOENT (No such file or directory @ rb_sysopen - ./side_panels/edit&Jaako.md):
  
app/controllers/side_panel_controller.rb:3:in `initialize'
app/controllers/side_panel_controller.rb:3:in `open'
app/controllers/side_panel_controller.rb:3:in `side'
Started GET "/api/page/Jaako" for 127.0.0.1 at 2022-12-16 23:53:28 +0100
Processing by MainPagesController#page as */*
  Parameters: {"id"=>"Jaako"}
  Rendering main_pages/page.json.jbuilder
  Rendered main_pages/page.json.jbuilder (Duration: 0.9ms | Allocations: 65)
Completed 200 OK in 2ms (Views: 1.4ms | Allocations: 269)


Started GET "/api/side/Jaako" for 127.0.0.1 at 2022-12-16 23:53:29 +0100
Processing by SidePanelController#side as */*
  Parameters: {"id"=>"Jaako"}
  Rendering side_panel/side.json.jbuilder
  Rendered side_panel/side.json.jbuilder (Duration: 0.2ms | Allocations: 33)
Completed 200 OK in 3ms (Views: 3.0ms | Allocations: 235)


Started GET "/api/side/edit&Jaako" for 127.0.0.1 at 2022-12-16 23:53:37 +0100
Processing by SidePanelController#side as */*
  Parameters: {"id"=>"edit&Jaako"}
Completed 500 Internal Server Error in 0ms (Allocations: 100)


  
Errno::ENOENT (No such file or directory @ rb_sysopen - ./side_panels/edit&Jaako.md):
  
app/controllers/side_panel_controller.rb:3:in `initialize'
app/controllers/side_panel_controller.rb:3:in `open'
app/controllers/side_panel_controller.rb:3:in `side'
Started GET "/api/page/Jaako" for 127.0.0.1 at 2022-12-16 23:53:37 +0100
Processing by MainPagesController#page as */*
  Parameters: {"id"=>"Jaako"}
  Rendering main_pages/page.json.jbuilder
  Rendered main_pages/page.json.jbuilder (Duration: 1.1ms | Allocations: 64)
Completed 200 OK in 2ms (Views: 1.5ms | Allocations: 266)


Started GET "/api/side/Jaako" for 127.0.0.1 at 2022-12-16 23:53:37 +0100
Processing by SidePanelController#side as */*
  Parameters: {"id"=>"Jaako"}
  Rendering side_panel/side.json.jbuilder
  Rendered side_panel/side.json.jbuilder (Duration: 0.2ms | Allocations: 33)
Completed 200 OK in 1ms (Views: 0.5ms | Allocations: 235)


Started GET "/api/side/edit&Jaako" for 127.0.0.1 at 2022-12-16 23:53:58 +0100
Processing by SidePanelController#side as */*
  Parameters: {"id"=>"edit&Jaako"}
Completed 500 Internal Server Error in 0ms (Allocations: 100)


  
Errno::ENOENT (No such file or directory @ rb_sysopen - ./side_panels/edit&Jaako.md):
  
app/controllers/side_panel_controller.rb:3:in `initialize'
app/controllers/side_panel_controller.rb:3:in `open'
app/controllers/side_panel_controller.rb:3:in `side'
Started GET "/api/page/Jaako" for 127.0.0.1 at 2022-12-16 23:53:58 +0100
Processing by MainPagesController#page as */*
  Parameters: {"id"=>"Jaako"}
  Rendering main_pages/page.json.jbuilder
  Rendered main_pages/page.json.jbuilder (Duration: 1.1ms | Allocations: 64)
Completed 200 OK in 2ms (Views: 1.5ms | Allocations: 269)


Started GET "/api/side/Jaako" for 127.0.0.1 at 2022-12-16 23:53:58 +0100
Processing by SidePanelController#side as */*
  Parameters: {"id"=>"Jaako"}
  Rendering side_panel/side.json.jbuilder
  Rendered side_panel/side.json.jbuilder (Duration: 0.2ms | Allocations: 33)
Completed 200 OK in 1ms (Views: 0.6ms | Allocations: 235)


Started GET "/api/side/edit&Jaako" for 127.0.0.1 at 2022-12-16 23:54:07 +0100
Processing by SidePanelController#side as */*
  Parameters: {"id"=>"edit&Jaako"}
Completed 500 Internal Server Error in 0ms (Allocations: 100)


  
Errno::ENOENT (No such file or directory @ rb_sysopen - ./side_panels/edit&Jaako.md):
  
app/controllers/side_panel_controller.rb:3:in `initialize'
app/controllers/side_panel_controller.rb:3:in `open'
app/controllers/side_panel_controller.rb:3:in `side'
Started GET "/api/page/Jaako" for 127.0.0.1 at 2022-12-16 23:54:07 +0100
Processing by MainPagesController#page as */*
  Parameters: {"id"=>"Jaako"}
  Rendering main_pages/page.json.jbuilder
  Rendered main_pages/page.json.jbuilder (Duration: 0.9ms | Allocations: 64)
Completed 200 OK in 1ms (Views: 1.3ms | Allocations: 266)


Started GET "/api/side/Jaako" for 127.0.0.1 at 2022-12-16 23:54:08 +0100
Processing by SidePanelController#side as */*
  Parameters: {"id"=>"Jaako"}
  Rendering side_panel/side.json.jbuilder
  Rendered side_panel/side.json.jbuilder (Duration: 0.2ms | Allocations: 33)
Completed 200 OK in 1ms (Views: 0.8ms | Allocations: 235)


Started GET "/api/page/Jaako" for 127.0.0.1 at 2022-12-16 23:54:44 +0100
Processing by MainPagesController#page as */*
  Parameters: {"id"=>"Jaako"}
  Rendering main_pages/page.json.jbuilder
  Rendered main_pages/page.json.jbuilder (Duration: 1.2ms | Allocations: 64)
Completed 200 OK in 3ms (Views: 2.3ms | Allocations: 266)


Started GET "/api/side/Jaako" for 127.0.0.1 at 2022-12-16 23:54:44 +0100
Processing by SidePanelController#side as */*
  Parameters: {"id"=>"Jaako"}
  Rendering side_panel/side.json.jbuilder
  Rendered side_panel/side.json.jbuilder (Duration: 0.2ms | Allocations: 33)
Completed 200 OK in 1ms (Views: 0.5ms | Allocations: 235)


Started GET "/api/side/edit&Jaako" for 127.0.0.1 at 2022-12-16 23:54:56 +0100
Processing by SidePanelController#side as */*
  Parameters: {"id"=>"edit&Jaako"}
Completed 500 Internal Server Error in 0ms (Allocations: 100)


  
Errno::ENOENT (No such file or directory @ rb_sysopen - ./side_panels/edit&Jaako.md):
  
app/controllers/side_panel_controller.rb:3:in `initialize'
app/controllers/side_panel_controller.rb:3:in `open'
app/controllers/side_panel_controller.rb:3:in `side'
Started GET "/api/page/Jaako" for 127.0.0.1 at 2022-12-16 23:54:56 +0100
Processing by MainPagesController#page as */*
  Parameters: {"id"=>"Jaako"}
  Rendering main_pages/page.json.jbuilder
  Rendered main_pages/page.json.jbuilder (Duration: 1.0ms | Allocations: 64)
Completed 200 OK in 2ms (Views: 2.2ms | Allocations: 269)


Started GET "/api/side/Jaako" for 127.0.0.1 at 2022-12-16 23:54:56 +0100
Processing by SidePanelController#side as */*
  Parameters: {"id"=>"Jaako"}
  Rendering side_panel/side.json.jbuilder
  Rendered side_panel/side.json.jbuilder (Duration: 0.2ms | Allocations: 33)
Completed 200 OK in 2ms (Views: 1.8ms | Allocations: 235)


Started GET "/api/side/edit" for 127.0.0.1 at 2022-12-16 23:59:46 +0100
Processing by SidePanelController#side as */*
  Parameters: {"id"=>"edit"}
Completed 500 Internal Server Error in 0ms (Allocations: 100)


  
Errno::ENOENT (No such file or directory @ rb_sysopen - ./side_panels/edit.md):
  
app/controllers/side_panel_controller.rb:3:in `initialize'
app/controllers/side_panel_controller.rb:3:in `open'
app/controllers/side_panel_controller.rb:3:in `side'
Started GET "/api/side/edit" for 127.0.0.1 at 2022-12-17 00:03:57 +0100
Processing by SidePanelController#side as */*
  Parameters: {"id"=>"edit"}
Completed 500 Internal Server Error in 0ms (Allocations: 100)


  
Errno::ENOENT (No such file or directory @ rb_sysopen - ./side_panels/edit.md):
  
app/controllers/side_panel_controller.rb:3:in `initialize'
app/controllers/side_panel_controller.rb:3:in `open'
app/controllers/side_panel_controller.rb:3:in `side'
Started GET "/api/side/edit" for 127.0.0.1 at 2022-12-17 00:04:36 +0100
Processing by SidePanelController#side as */*
  Parameters: {"id"=>"edit"}
Completed 500 Internal Server Error in 0ms (Allocations: 100)


  
Errno::ENOENT (No such file or directory @ rb_sysopen - ./side_panels/edit.md):
  
app/controllers/side_panel_controller.rb:3:in `initialize'
app/controllers/side_panel_controller.rb:3:in `open'
app/controllers/side_panel_controller.rb:3:in `side'
Started GET "/api/side/edit" for 127.0.0.1 at 2022-12-17 00:04:46 +0100
Processing by SidePanelController#side as */*
  Parameters: {"id"=>"edit"}
Completed 500 Internal Server Error in 0ms (Allocations: 100)


  
Errno::ENOENT (No such file or directory @ rb_sysopen - ./side_panels/edit.md):
  
app/controllers/side_panel_controller.rb:3:in `initialize'
app/controllers/side_panel_controller.rb:3:in `open'
app/controllers/side_panel_controller.rb:3:in `side'
Started POST "/api/edit/Ajaja" for 127.0.0.1 at 2022-12-17 00:05:20 +0100
  
ActionController::RoutingError (No route matches [POST] "/api/edit/Ajaja"):
  
Started GET "/api/side/edit" for 127.0.0.1 at 2022-12-17 00:08:27 +0100
Processing by SidePanelController#side as */*
  Parameters: {"id"=>"edit"}
Completed 500 Internal Server Error in 0ms (Allocations: 100)


  
Errno::ENOENT (No such file or directory @ rb_sysopen - ./side_panels/edit.md):
  
app/controllers/side_panel_controller.rb:3:in `initialize'
app/controllers/side_panel_controller.rb:3:in `open'
app/controllers/side_panel_controller.rb:3:in `side'
Started GET "/api/side/edit" for 127.0.0.1 at 2022-12-17 00:08:48 +0100
Processing by SidePanelController#side as */*
  Parameters: {"id"=>"edit"}
Completed 500 Internal Server Error in 0ms (Allocations: 100)


  
Errno::ENOENT (No such file or directory @ rb_sysopen - ./side_panels/edit.md):
  
app/controllers/side_panel_controller.rb:3:in `initialize'
app/controllers/side_panel_controller.rb:3:in `open'
app/controllers/side_panel_controller.rb:3:in `side'
Started GET "/api/side/edit" for 127.0.0.1 at 2022-12-17 00:10:59 +0100
Processing by SidePanelController#side as */*
  Parameters: {"id"=>"edit"}
Completed 500 Internal Server Error in 0ms (Allocations: 100)


  
Errno::ENOENT (No such file or directory @ rb_sysopen - ./side_panels/edit.md):
  
app/controllers/side_panel_controller.rb:3:in `initialize'
app/controllers/side_panel_controller.rb:3:in `open'
app/controllers/side_panel_controller.rb:3:in `side'
Started GET "/api/side/edit" for 127.0.0.1 at 2022-12-17 00:14:45 +0100
Processing by SidePanelController#side as */*
  Parameters: {"id"=>"edit"}
Completed 500 Internal Server Error in 0ms (Allocations: 100)


  
Errno::ENOENT (No such file or directory @ rb_sysopen - ./side_panels/edit.md):
  
app/controllers/side_panel_controller.rb:3:in `initialize'
app/controllers/side_panel_controller.rb:3:in `open'
app/controllers/side_panel_controller.rb:3:in `side'
Started GET "/api/side/edit" for 127.0.0.1 at 2022-12-17 00:16:26 +0100
Processing by SidePanelController#side as */*
  Parameters: {"id"=>"edit"}
Completed 500 Internal Server Error in 1ms (Allocations: 100)


  
Errno::ENOENT (No such file or directory @ rb_sysopen - ./side_panels/edit.md):
  
app/controllers/side_panel_controller.rb:3:in `initialize'
app/controllers/side_panel_controller.rb:3:in `open'
app/controllers/side_panel_controller.rb:3:in `side'
Started GET "/api/side/edit" for 127.0.0.1 at 2022-12-17 00:16:52 +0100
Processing by SidePanelController#side as */*
  Parameters: {"id"=>"edit"}
Completed 500 Internal Server Error in 0ms (Allocations: 100)


  
Errno::ENOENT (No such file or directory @ rb_sysopen - ./side_panels/edit.md):
  
app/controllers/side_panel_controller.rb:3:in `initialize'
app/controllers/side_panel_controller.rb:3:in `open'
app/controllers/side_panel_controller.rb:3:in `side'
Started GET "/api/side/edit" for 127.0.0.1 at 2022-12-17 00:17:08 +0100
Processing by SidePanelController#side as */*
  Parameters: {"id"=>"edit"}
Completed 500 Internal Server Error in 0ms (Allocations: 100)


  
Errno::ENOENT (No such file or directory @ rb_sysopen - ./side_panels/edit.md):
  
app/controllers/side_panel_controller.rb:3:in `initialize'
app/controllers/side_panel_controller.rb:3:in `open'
app/controllers/side_panel_controller.rb:3:in `side'
Started GET "/api/side/edit" for 127.0.0.1 at 2022-12-17 00:18:31 +0100
Processing by SidePanelController#side as */*
  Parameters: {"id"=>"edit"}
Completed 500 Internal Server Error in 0ms (Allocations: 100)


  
Errno::ENOENT (No such file or directory @ rb_sysopen - ./side_panels/edit.md):
  
app/controllers/side_panel_controller.rb:3:in `initialize'
app/controllers/side_panel_controller.rb:3:in `open'
app/controllers/side_panel_controller.rb:3:in `side'
Started GET "/api/side/edit" for 127.0.0.1 at 2022-12-17 00:21:08 +0100
Processing by SidePanelController#side as */*
  Parameters: {"id"=>"edit"}
Completed 500 Internal Server Error in 0ms (Allocations: 100)


  
Errno::ENOENT (No such file or directory @ rb_sysopen - ./side_panels/edit.md):
  
app/controllers/side_panel_controller.rb:3:in `initialize'
app/controllers/side_panel_controller.rb:3:in `open'
app/controllers/side_panel_controller.rb:3:in `side'
Started GET "/api/side/edit" for 127.0.0.1 at 2022-12-17 00:22:41 +0100
Processing by SidePanelController#side as */*
  Parameters: {"id"=>"edit"}
Completed 500 Internal Server Error in 0ms (Allocations: 100)


  
Errno::ENOENT (No such file or directory @ rb_sysopen - ./side_panels/edit.md):
  
app/controllers/side_panel_controller.rb:3:in `initialize'
app/controllers/side_panel_controller.rb:3:in `open'
app/controllers/side_panel_controller.rb:3:in `side'
Started GET "/api/side/edit" for 127.0.0.1 at 2022-12-17 00:25:28 +0100
Processing by SidePanelController#side as */*
  Parameters: {"id"=>"edit"}
Completed 500 Internal Server Error in 0ms (Allocations: 100)


  
Errno::ENOENT (No such file or directory @ rb_sysopen - ./side_panels/edit.md):
  
app/controllers/side_panel_controller.rb:3:in `initialize'
app/controllers/side_panel_controller.rb:3:in `open'
app/controllers/side_panel_controller.rb:3:in `side'
Started GET "/api/side/edit" for 127.0.0.1 at 2022-12-17 00:27:36 +0100
Processing by SidePanelController#side as */*
  Parameters: {"id"=>"edit"}
Completed 500 Internal Server Error in 0ms (Allocations: 100)


  
Errno::ENOENT (No such file or directory @ rb_sysopen - ./side_panels/edit.md):
  
app/controllers/side_panel_controller.rb:3:in `initialize'
app/controllers/side_panel_controller.rb:3:in `open'
app/controllers/side_panel_controller.rb:3:in `side'
Started GET "/api/side/edit" for 127.0.0.1 at 2022-12-17 00:29:39 +0100
Processing by SidePanelController#side as */*
  Parameters: {"id"=>"edit"}
Completed 500 Internal Server Error in 1ms (Allocations: 100)


  
Errno::ENOENT (No such file or directory @ rb_sysopen - ./side_panels/edit.md):
  
app/controllers/side_panel_controller.rb:3:in `initialize'
app/controllers/side_panel_controller.rb:3:in `open'
app/controllers/side_panel_controller.rb:3:in `side'
Started GET "/api/side/edit" for 127.0.0.1 at 2022-12-17 00:30:45 +0100
Processing by SidePanelController#side as */*
  Parameters: {"id"=>"edit"}
Completed 500 Internal Server Error in 0ms (Allocations: 100)


  
Errno::ENOENT (No such file or directory @ rb_sysopen - ./side_panels/edit.md):
  
app/controllers/side_panel_controller.rb:3:in `initialize'
app/controllers/side_panel_controller.rb:3:in `open'
app/controllers/side_panel_controller.rb:3:in `side'
Started GET "/api/side/edit" for 127.0.0.1 at 2022-12-17 00:30:49 +0100
Processing by SidePanelController#side as */*
  Parameters: {"id"=>"edit"}
Completed 500 Internal Server Error in 0ms (Allocations: 100)


  
Errno::ENOENT (No such file or directory @ rb_sysopen - ./side_panels/edit.md):
  
app/controllers/side_panel_controller.rb:3:in `initialize'
app/controllers/side_panel_controller.rb:3:in `open'
app/controllers/side_panel_controller.rb:3:in `side'
Started GET "/api/side/edit" for 127.0.0.1 at 2022-12-17 00:31:24 +0100
Processing by SidePanelController#side as */*
  Parameters: {"id"=>"edit"}
Completed 500 Internal Server Error in 1ms (Allocations: 100)


  
Errno::ENOENT (No such file or directory @ rb_sysopen - ./side_panels/edit.md):
  
app/controllers/side_panel_controller.rb:3:in `initialize'
app/controllers/side_panel_controller.rb:3:in `open'
app/controllers/side_panel_controller.rb:3:in `side'
Started GET "/api/side/edit" for 127.0.0.1 at 2022-12-17 00:31:40 +0100
Processing by SidePanelController#side as */*
  Parameters: {"id"=>"edit"}
Completed 500 Internal Server Error in 0ms (Allocations: 100)


  
Errno::ENOENT (No such file or directory @ rb_sysopen - ./side_panels/edit.md):
  
app/controllers/side_panel_controller.rb:3:in `initialize'
app/controllers/side_panel_controller.rb:3:in `open'
app/controllers/side_panel_controller.rb:3:in `side'
Started GET "/api/side/edit" for 127.0.0.1 at 2022-12-17 00:32:22 +0100
Processing by SidePanelController#side as */*
  Parameters: {"id"=>"edit"}
Completed 500 Internal Server Error in 0ms (Allocations: 100)


  
Errno::ENOENT (No such file or directory @ rb_sysopen - ./side_panels/edit.md):
  
app/controllers/side_panel_controller.rb:3:in `initialize'
app/controllers/side_panel_controller.rb:3:in `open'
app/controllers/side_panel_controller.rb:3:in `side'
Started GET "/api/side/edit" for 127.0.0.1 at 2022-12-17 00:32:56 +0100
Processing by SidePanelController#side as */*
  Parameters: {"id"=>"edit"}
Completed 500 Internal Server Error in 0ms (Allocations: 100)


  
Errno::ENOENT (No such file or directory @ rb_sysopen - ./side_panels/edit.md):
  
app/controllers/side_panel_controller.rb:3:in `initialize'
app/controllers/side_panel_controller.rb:3:in `open'
app/controllers/side_panel_controller.rb:3:in `side'
Started GET "/api/side/edit" for 127.0.0.1 at 2022-12-17 00:43:57 +0100
Processing by SidePanelController#side as */*
  Parameters: {"id"=>"edit"}
Completed 500 Internal Server Error in 1ms (Allocations: 100)


  
Errno::ENOENT (No such file or directory @ rb_sysopen - ./side_panels/edit.md):
  
app/controllers/side_panel_controller.rb:3:in `initialize'
app/controllers/side_panel_controller.rb:3:in `open'
app/controllers/side_panel_controller.rb:3:in `side'
Started GET "/api/side/edit" for 127.0.0.1 at 2022-12-17 00:46:41 +0100
Processing by SidePanelController#side as */*
  Parameters: {"id"=>"edit"}
Completed 500 Internal Server Error in 0ms (Allocations: 100)


  
Errno::ENOENT (No such file or directory @ rb_sysopen - ./side_panels/edit.md):
  
app/controllers/side_panel_controller.rb:3:in `initialize'
app/controllers/side_panel_controller.rb:3:in `open'
app/controllers/side_panel_controller.rb:3:in `side'
Started GET "/api/side/edit" for 127.0.0.1 at 2022-12-17 00:53:25 +0100
Processing by SidePanelController#side as */*
  Parameters: {"id"=>"edit"}
Completed 500 Internal Server Error in 0ms (Allocations: 100)


  
Errno::ENOENT (No such file or directory @ rb_sysopen - ./side_panels/edit.md):
  
app/controllers/side_panel_controller.rb:3:in `initialize'
app/controllers/side_panel_controller.rb:3:in `open'
app/controllers/side_panel_controller.rb:3:in `side'
Started GET "/api/side/edit" for 127.0.0.1 at 2022-12-17 00:57:50 +0100
Processing by SidePanelController#side as */*
  Parameters: {"id"=>"edit"}
Completed 500 Internal Server Error in 0ms (Allocations: 100)


  
Errno::ENOENT (No such file or directory @ rb_sysopen - ./side_panels/edit.md):
  
app/controllers/side_panel_controller.rb:3:in `initialize'
app/controllers/side_panel_controller.rb:3:in `open'
app/controllers/side_panel_controller.rb:3:in `side'
Started GET "/api/side/edit" for 127.0.0.1 at 2022-12-17 00:58:59 +0100
Processing by SidePanelController#side as */*
  Parameters: {"id"=>"edit"}
Completed 500 Internal Server Error in 0ms (Allocations: 100)


  
Errno::ENOENT (No such file or directory @ rb_sysopen - ./side_panels/edit.md):
  
app/controllers/side_panel_controller.rb:3:in `initialize'
app/controllers/side_panel_controller.rb:3:in `open'
app/controllers/side_panel_controller.rb:3:in `side'
Started GET "/api/side/edit" for 127.0.0.1 at 2022-12-17 00:59:13 +0100
Processing by SidePanelController#side as */*
  Parameters: {"id"=>"edit"}
Completed 500 Internal Server Error in 0ms (Allocations: 100)


  
Errno::ENOENT (No such file or directory @ rb_sysopen - ./side_panels/edit.md):
  
app/controllers/side_panel_controller.rb:3:in `initialize'
app/controllers/side_panel_controller.rb:3:in `open'
app/controllers/side_panel_controller.rb:3:in `side'
Started GET "/api/side/edit" for 127.0.0.1 at 2022-12-17 00:59:51 +0100
Processing by SidePanelController#side as */*
  Parameters: {"id"=>"edit"}
Completed 500 Internal Server Error in 0ms (Allocations: 100)


  
Errno::ENOENT (No such file or directory @ rb_sysopen - ./side_panels/edit.md):
  
app/controllers/side_panel_controller.rb:3:in `initialize'
app/controllers/side_panel_controller.rb:3:in `open'
app/controllers/side_panel_controller.rb:3:in `side'
Started GET "/api/side/edit" for 127.0.0.1 at 2022-12-17 01:02:49 +0100
Processing by SidePanelController#side as */*
  Parameters: {"id"=>"edit"}
Completed 500 Internal Server Error in 0ms (Allocations: 100)


  
Errno::ENOENT (No such file or directory @ rb_sysopen - ./side_panels/edit.md):
  
app/controllers/side_panel_controller.rb:3:in `initialize'
app/controllers/side_panel_controller.rb:3:in `open'
app/controllers/side_panel_controller.rb:3:in `side'
Started GET "/api/side/edit" for 127.0.0.1 at 2022-12-17 01:03:14 +0100
Processing by SidePanelController#side as */*
  Parameters: {"id"=>"edit"}
Completed 500 Internal Server Error in 0ms (Allocations: 100)


  
Errno::ENOENT (No such file or directory @ rb_sysopen - ./side_panels/edit.md):
  
app/controllers/side_panel_controller.rb:3:in `initialize'
app/controllers/side_panel_controller.rb:3:in `open'
app/controllers/side_panel_controller.rb:3:in `side'
Started GET "/api/side/edit" for 127.0.0.1 at 2022-12-17 01:03:39 +0100
Processing by SidePanelController#side as */*
  Parameters: {"id"=>"edit"}
Completed 500 Internal Server Error in 0ms (Allocations: 100)


  
Errno::ENOENT (No such file or directory @ rb_sysopen - ./side_panels/edit.md):
  
app/controllers/side_panel_controller.rb:3:in `initialize'
app/controllers/side_panel_controller.rb:3:in `open'
app/controllers/side_panel_controller.rb:3:in `side'
Started GET "/api/side/edit" for 127.0.0.1 at 2022-12-17 01:05:53 +0100
Processing by SidePanelController#side as */*
  Parameters: {"id"=>"edit"}
Completed 500 Internal Server Error in 1ms (Allocations: 100)


  
Errno::ENOENT (No such file or directory @ rb_sysopen - ./side_panels/edit.md):
  
app/controllers/side_panel_controller.rb:3:in `initialize'
app/controllers/side_panel_controller.rb:3:in `open'
app/controllers/side_panel_controller.rb:3:in `side'
Started GET "/api/side/edit" for 127.0.0.1 at 2022-12-17 01:07:19 +0100
Processing by SidePanelController#side as */*
  Parameters: {"id"=>"edit"}
Completed 500 Internal Server Error in 0ms (Allocations: 100)


  
Errno::ENOENT (No such file or directory @ rb_sysopen - ./side_panels/edit.md):
  
app/controllers/side_panel_controller.rb:3:in `initialize'
app/controllers/side_panel_controller.rb:3:in `open'
app/controllers/side_panel_controller.rb:3:in `side'
Started GET "/api/side/edit" for 127.0.0.1 at 2022-12-17 01:08:18 +0100
Processing by SidePanelController#side as */*
  Parameters: {"id"=>"edit"}
Completed 500 Internal Server Error in 0ms (Allocations: 100)


  
Errno::ENOENT (No such file or directory @ rb_sysopen - ./side_panels/edit.md):
  
app/controllers/side_panel_controller.rb:3:in `initialize'
app/controllers/side_panel_controller.rb:3:in `open'
app/controllers/side_panel_controller.rb:3:in `side'
Started GET "/api/side/edit" for 127.0.0.1 at 2022-12-17 01:08:53 +0100
Processing by SidePanelController#side as */*
  Parameters: {"id"=>"edit"}
Completed 500 Internal Server Error in 0ms (Allocations: 100)


  
Errno::ENOENT (No such file or directory @ rb_sysopen - ./side_panels/edit.md):
  
app/controllers/side_panel_controller.rb:3:in `initialize'
app/controllers/side_panel_controller.rb:3:in `open'
app/controllers/side_panel_controller.rb:3:in `side'
Started GET "/api/side/edit" for 127.0.0.1 at 2022-12-17 01:09:07 +0100
Processing by SidePanelController#side as */*
  Parameters: {"id"=>"edit"}
Completed 500 Internal Server Error in 0ms (Allocations: 100)


  
Errno::ENOENT (No such file or directory @ rb_sysopen - ./side_panels/edit.md):
  
app/controllers/side_panel_controller.rb:3:in `initialize'
app/controllers/side_panel_controller.rb:3:in `open'
app/controllers/side_panel_controller.rb:3:in `side'
Started GET "/api/side/edit" for 127.0.0.1 at 2022-12-17 01:09:09 +0100
Processing by SidePanelController#side as */*
  Parameters: {"id"=>"edit"}
Completed 500 Internal Server Error in 0ms (Allocations: 100)


  
Errno::ENOENT (No such file or directory @ rb_sysopen - ./side_panels/edit.md):
  
app/controllers/side_panel_controller.rb:3:in `initialize'
app/controllers/side_panel_controller.rb:3:in `open'
app/controllers/side_panel_controller.rb:3:in `side'
Started GET "/api/side/edit" for 127.0.0.1 at 2022-12-17 01:09:47 +0100
Processing by SidePanelController#side as */*
  Parameters: {"id"=>"edit"}
Completed 500 Internal Server Error in 0ms (Allocations: 100)


  
Errno::ENOENT (No such file or directory @ rb_sysopen - ./side_panels/edit.md):
  
app/controllers/side_panel_controller.rb:3:in `initialize'
app/controllers/side_panel_controller.rb:3:in `open'
app/controllers/side_panel_controller.rb:3:in `side'
Started GET "/api/side/edit" for 127.0.0.1 at 2022-12-17 01:10:03 +0100
Processing by SidePanelController#side as */*
  Parameters: {"id"=>"edit"}
Completed 500 Internal Server Error in 0ms (Allocations: 100)


  
Errno::ENOENT (No such file or directory @ rb_sysopen - ./side_panels/edit.md):
  
app/controllers/side_panel_controller.rb:3:in `initialize'
app/controllers/side_panel_controller.rb:3:in `open'
app/controllers/side_panel_controller.rb:3:in `side'
Started GET "/api/side/edit" for 127.0.0.1 at 2022-12-17 01:10:37 +0100
Processing by SidePanelController#side as */*
  Parameters: {"id"=>"edit"}
Completed 500 Internal Server Error in 0ms (Allocations: 100)


  
Errno::ENOENT (No such file or directory @ rb_sysopen - ./side_panels/edit.md):
  
app/controllers/side_panel_controller.rb:3:in `initialize'
app/controllers/side_panel_controller.rb:3:in `open'
app/controllers/side_panel_controller.rb:3:in `side'
Started GET "/api/side/edit" for 127.0.0.1 at 2022-12-17 01:13:00 +0100
Processing by SidePanelController#side as */*
  Parameters: {"id"=>"edit"}
Completed 500 Internal Server Error in 0ms (Allocations: 100)


  
Errno::ENOENT (No such file or directory @ rb_sysopen - ./side_panels/edit.md):
  
app/controllers/side_panel_controller.rb:3:in `initialize'
app/controllers/side_panel_controller.rb:3:in `open'
app/controllers/side_panel_controller.rb:3:in `side'
Started GET "/api/side/edit" for 127.0.0.1 at 2022-12-17 01:13:03 +0100
Processing by SidePanelController#side as */*
  Parameters: {"id"=>"edit"}
Completed 500 Internal Server Error in 0ms (Allocations: 100)


  
Errno::ENOENT (No such file or directory @ rb_sysopen - ./side_panels/edit.md):
  
app/controllers/side_panel_controller.rb:3:in `initialize'
app/controllers/side_panel_controller.rb:3:in `open'
app/controllers/side_panel_controller.rb:3:in `side'
Started GET "/api/side/edit" for 127.0.0.1 at 2022-12-17 01:14:03 +0100
Processing by SidePanelController#side as */*
  Parameters: {"id"=>"edit"}
Completed 500 Internal Server Error in 0ms (Allocations: 100)


  
Errno::ENOENT (No such file or directory @ rb_sysopen - ./side_panels/edit.md):
  
app/controllers/side_panel_controller.rb:3:in `initialize'
app/controllers/side_panel_controller.rb:3:in `open'
app/controllers/side_panel_controller.rb:3:in `side'
Started GET "/api/side/edit" for 127.0.0.1 at 2022-12-17 01:14:23 +0100
Processing by SidePanelController#side as */*
  Parameters: {"id"=>"edit"}
Completed 500 Internal Server Error in 0ms (Allocations: 100)


  
Errno::ENOENT (No such file or directory @ rb_sysopen - ./side_panels/edit.md):
  
app/controllers/side_panel_controller.rb:3:in `initialize'
app/controllers/side_panel_controller.rb:3:in `open'
app/controllers/side_panel_controller.rb:3:in `side'
Started GET "/api/side/edit" for 127.0.0.1 at 2022-12-17 01:16:29 +0100
Processing by SidePanelController#side as */*
  Parameters: {"id"=>"edit"}
Completed 500 Internal Server Error in 1ms (Allocations: 100)


  
Errno::ENOENT (No such file or directory @ rb_sysopen - ./side_panels/edit.md):
  
app/controllers/side_panel_controller.rb:3:in `initialize'
app/controllers/side_panel_controller.rb:3:in `open'
app/controllers/side_panel_controller.rb:3:in `side'
Started GET "/api/side/edit" for 127.0.0.1 at 2022-12-17 01:17:09 +0100
Processing by SidePanelController#side as */*
  Parameters: {"id"=>"edit"}
Completed 500 Internal Server Error in 0ms (Allocations: 100)


  
Errno::ENOENT (No such file or directory @ rb_sysopen - ./side_panels/edit.md):
  
app/controllers/side_panel_controller.rb:3:in `initialize'
app/controllers/side_panel_controller.rb:3:in `open'
app/controllers/side_panel_controller.rb:3:in `side'
Started GET "/api/side/edit" for 127.0.0.1 at 2022-12-17 01:17:17 +0100
Processing by SidePanelController#side as */*
  Parameters: {"id"=>"edit"}
Completed 500 Internal Server Error in 0ms (Allocations: 100)


  
Errno::ENOENT (No such file or directory @ rb_sysopen - ./side_panels/edit.md):
  
app/controllers/side_panel_controller.rb:3:in `initialize'
app/controllers/side_panel_controller.rb:3:in `open'
app/controllers/side_panel_controller.rb:3:in `side'
Started GET "/api/side/edit" for 127.0.0.1 at 2022-12-17 01:18:04 +0100
Processing by SidePanelController#side as */*
  Parameters: {"id"=>"edit"}
Completed 500 Internal Server Error in 0ms (Allocations: 100)


  
Errno::ENOENT (No such file or directory @ rb_sysopen - ./side_panels/edit.md):
  
app/controllers/side_panel_controller.rb:3:in `initialize'
app/controllers/side_panel_controller.rb:3:in `open'
app/controllers/side_panel_controller.rb:3:in `side'
Started GET "/api/side/edit" for 127.0.0.1 at 2022-12-17 01:19:06 +0100
Processing by SidePanelController#side as */*
  Parameters: {"id"=>"edit"}
Completed 500 Internal Server Error in 0ms (Allocations: 100)


  
Errno::ENOENT (No such file or directory @ rb_sysopen - ./side_panels/edit.md):
  
app/controllers/side_panel_controller.rb:3:in `initialize'
app/controllers/side_panel_controller.rb:3:in `open'
app/controllers/side_panel_controller.rb:3:in `side'
Started GET "/api/side/edit" for 127.0.0.1 at 2022-12-17 01:19:51 +0100
Processing by SidePanelController#side as */*
  Parameters: {"id"=>"edit"}
Completed 500 Internal Server Error in 1ms (Allocations: 100)


  
Errno::ENOENT (No such file or directory @ rb_sysopen - ./side_panels/edit.md):
  
app/controllers/side_panel_controller.rb:3:in `initialize'
app/controllers/side_panel_controller.rb:3:in `open'
app/controllers/side_panel_controller.rb:3:in `side'
Started GET "/api/side/edit" for 127.0.0.1 at 2022-12-17 01:20:26 +0100
Processing by SidePanelController#side as */*
  Parameters: {"id"=>"edit"}
Completed 500 Internal Server Error in 0ms (Allocations: 100)


  
Errno::ENOENT (No such file or directory @ rb_sysopen - ./side_panels/edit.md):
  
app/controllers/side_panel_controller.rb:3:in `initialize'
app/controllers/side_panel_controller.rb:3:in `open'
app/controllers/side_panel_controller.rb:3:in `side'
Started GET "/api/side/edit" for 127.0.0.1 at 2022-12-17 01:20:54 +0100
Processing by SidePanelController#side as */*
  Parameters: {"id"=>"edit"}
Completed 500 Internal Server Error in 0ms (Allocations: 100)


  
Errno::ENOENT (No such file or directory @ rb_sysopen - ./side_panels/edit.md):
  
app/controllers/side_panel_controller.rb:3:in `initialize'
app/controllers/side_panel_controller.rb:3:in `open'
app/controllers/side_panel_controller.rb:3:in `side'
Started GET "/api/side/edit" for 127.0.0.1 at 2022-12-17 01:20:58 +0100
Processing by SidePanelController#side as */*
  Parameters: {"id"=>"edit"}
Completed 500 Internal Server Error in 0ms (Allocations: 100)


  
Errno::ENOENT (No such file or directory @ rb_sysopen - ./side_panels/edit.md):
  
app/controllers/side_panel_controller.rb:3:in `initialize'
app/controllers/side_panel_controller.rb:3:in `open'
app/controllers/side_panel_controller.rb:3:in `side'
Started POST "/api/edit/test" for ::1 at 2022-12-19 21:49:01 +0100
Processing by EditionController#add_or_edit as */*
  Parameters: {"fileName"=>"test", "mainPage"=>"[commentaire1]: Liens_utiles\n[tuerie]: ?Tuerie\n\n[commentaire2]: Ecriture_du_texte", "sidePanel"=>"[commentaire1]: Liens_vers_les_images_(les_noms_des_liens_seront_utilisés_pour_nommer_les_onglets)_:\n[Portrait]: https://cdn.discordapp.com/attachments/1046024931139407902/1046025687103983656/Portrait.jpg\n\n[commentaire2]: Séparateur_indiquant_la_fin_des_images_:\n[FEUILLE_VOLANTE]: FinDesPhotos\n\n[commentaire3]: Liens_utiles_:\n[2022]: ?2022\n\n[commentaire4]: Contenu_du_panneau_de_droite_(ne_pas_utiliser_un_titre_de_niveau_inférieur_à_3)_:", "validationString"=>"klj", "id"=>"test", "edition"=>{"fileName"=>"test", "mainPage"=>"[commentaire1]: Liens_utiles\n[tuerie]: ?Tuerie\n\n[commentaire2]: Ecriture_du_texte", "sidePanel"=>"[commentaire1]: Liens_vers_les_images_(les_noms_des_liens_seront_utilisés_pour_nommer_les_onglets)_:\n[Portrait]: https://cdn.discordapp.com/attachments/1046024931139407902/1046025687103983656/Portrait.jpg\n\n[commentaire2]: Séparateur_indiquant_la_fin_des_images_:\n[FEUILLE_VOLANTE]: FinDesPhotos\n\n[commentaire3]: Liens_utiles_:\n[2022]: ?2022\n\n[commentaire4]: Contenu_du_panneau_de_droite_(ne_pas_utiliser_un_titre_de_niveau_inférieur_à_3)_:", "validationString"=>"klj"}}
Completed 401 Unauthorized in 0ms (Allocations: 217)


Started POST "/api/edit/test" for ::1 at 2022-12-19 21:51:06 +0100
Processing by EditionController#add_or_edit as */*
  Parameters: {"fileName"=>"test", "mainPage"=>"[commentaire1]: Liens_utiles\n[tuerie]: ?Tuerie\n\n[commentaire2]: Ecriture_du_texte", "sidePanel"=>"[commentaire1]: Liens_vers_les_images_(les_noms_des_liens_seront_utilisés_pour_nommer_les_onglets)_:\n[Portrait]: https://cdn.discordapp.com/attachments/1046024931139407902/1046025687103983656/Portrait.jpg\n\n[commentaire2]: Séparateur_indiquant_la_fin_des_images_:\n[FEUILLE_VOLANTE]: FinDesPhotos\n\n[commentaire3]: Liens_utiles_:\n[2022]: ?2022\n\n[commentaire4]: Contenu_du_panneau_de_droite_(ne_pas_utiliser_un_titre_de_niveau_inférieur_à_3)_:", "validationString"=>"@4Y>!Axy:#DIad>tiCu,Id9c@hB.M1o_iYjPAh<$3S?DTfSzG5qtfcEz3O3p)g>-\n@Uq.RV2goeH^4\"Gx4ps1UMeuh&drUO|)f=NKZZ9[\\=rwOc*[zcy9]qu!DSC8OD[b\n{.w%=i<,f>+b&U(/{@2y&D6zBW5cAf!w^niA1G%$#zx|4j7T>d5b4;`Wb'7Vq9gI\n`bpz7IK}m_owN1>EsmWt/W=gBnB>d325([*IGQZKVou|DVv78]}v,HDtGH[^=lp^", "id"=>"test", "edition"=>{"fileName"=>"test", "mainPage"=>"[commentaire1]: Liens_utiles\n[tuerie]: ?Tuerie\n\n[commentaire2]: Ecriture_du_texte", "sidePanel"=>"[commentaire1]: Liens_vers_les_images_(les_noms_des_liens_seront_utilisés_pour_nommer_les_onglets)_:\n[Portrait]: https://cdn.discordapp.com/attachments/1046024931139407902/1046025687103983656/Portrait.jpg\n\n[commentaire2]: Séparateur_indiquant_la_fin_des_images_:\n[FEUILLE_VOLANTE]: FinDesPhotos\n\n[commentaire3]: Liens_utiles_:\n[2022]: ?2022\n\n[commentaire4]: Contenu_du_panneau_de_droite_(ne_pas_utiliser_un_titre_de_niveau_inférieur_à_3)_:", "validationString"=>"@4Y>!Axy:#DIad>tiCu,Id9c@hB.M1o_iYjPAh<$3S?DTfSzG5qtfcEz3O3p)g>-\n@Uq.RV2goeH^4\"Gx4ps1UMeuh&drUO|)f=NKZZ9[\\=rwOc*[zcy9]qu!DSC8OD[b\n{.w%=i<,f>+b&U(/{@2y&D6zBW5cAf!w^niA1G%$#zx|4j7T>d5b4;`Wb'7Vq9gI\n`bpz7IK}m_owN1>EsmWt/W=gBnB>d325([*IGQZKVou|DVv78]}v,HDtGH[^=lp^"}}
Completed 401 Unauthorized in 0ms (Allocations: 85)


Started POST "/api/edit/test" for ::1 at 2022-12-19 21:52:45 +0100
Processing by EditionController#add_or_edit as */*
  Parameters: {"fileName"=>"test", "mainPage"=>"[commentaire1]: Liens_utiles\n[tuerie]: ?Tuerie\n\n[commentaire2]: Ecriture_du_texte", "sidePanel"=>"[commentaire1]: Liens_vers_les_images_(les_noms_des_liens_seront_utilisés_pour_nommer_les_onglets)_:\n[Portrait]: https://cdn.discordapp.com/attachments/1046024931139407902/1046025687103983656/Portrait.jpg\n\n[commentaire2]: Séparateur_indiquant_la_fin_des_images_:\n[FEUILLE_VOLANTE]: FinDesPhotos\n\n[commentaire3]: Liens_utiles_:\n[2022]: ?2022\n\n[commentaire4]: Contenu_du_panneau_de_droite_(ne_pas_utiliser_un_titre_de_niveau_inférieur_à_3)_:", "validationString"=>"@4Y>!Axy:#DIad>tiCu,Id9c@hB.M1o_iYjPAh<$3S?DTfSzG5qtfcEz3O3p)g>-\n@Uq.RV2goeH^4\"Gx4ps1UMeuh&drUO|)f=NKZZ9[\\=rwOc*[zcy9]qu!DSC8OD[b\n{.w%=i<,f>+b&U(/{@2y&D6zBW5cAf!w^niA1G%$#zx|4j7T>d5b4;`Wb'7Vq9gI\n`bpz7IK}m_owN1>EsmWt/W=gBnB>d325([*IGQZKVou|DVv78]}v,HDtGH[^=lp^", "id"=>"test", "edition"=>{"fileName"=>"test", "mainPage"=>"[commentaire1]: Liens_utiles\n[tuerie]: ?Tuerie\n\n[commentaire2]: Ecriture_du_texte", "sidePanel"=>"[commentaire1]: Liens_vers_les_images_(les_noms_des_liens_seront_utilisés_pour_nommer_les_onglets)_:\n[Portrait]: https://cdn.discordapp.com/attachments/1046024931139407902/1046025687103983656/Portrait.jpg\n\n[commentaire2]: Séparateur_indiquant_la_fin_des_images_:\n[FEUILLE_VOLANTE]: FinDesPhotos\n\n[commentaire3]: Liens_utiles_:\n[2022]: ?2022\n\n[commentaire4]: Contenu_du_panneau_de_droite_(ne_pas_utiliser_un_titre_de_niveau_inférieur_à_3)_:", "validationString"=>"@4Y>!Axy:#DIad>tiCu,Id9c@hB.M1o_iYjPAh<$3S?DTfSzG5qtfcEz3O3p)g>-\n@Uq.RV2goeH^4\"Gx4ps1UMeuh&drUO|)f=NKZZ9[\\=rwOc*[zcy9]qu!DSC8OD[b\n{.w%=i<,f>+b&U(/{@2y&D6zBW5cAf!w^niA1G%$#zx|4j7T>d5b4;`Wb'7Vq9gI\n`bpz7IK}m_owN1>EsmWt/W=gBnB>d325([*IGQZKVou|DVv78]}v,HDtGH[^=lp^"}}
Completed 401 Unauthorized in 1ms (Allocations: 222)


Started POST "/api/edit/test" for ::1 at 2022-12-19 21:53:32 +0100
Processing by EditionController#add_or_edit as */*
  Parameters: {"fileName"=>"test", "mainPage"=>"[commentaire1]: Liens_utiles\n[tuerie]: ?Tuerie\n\n[commentaire2]: Ecriture_du_texte", "sidePanel"=>"[commentaire1]: Liens_vers_les_images_(les_noms_des_liens_seront_utilisés_pour_nommer_les_onglets)_:\n[Portrait]: https://cdn.discordapp.com/attachments/1046024931139407902/1046025687103983656/Portrait.jpg\n\n[commentaire2]: Séparateur_indiquant_la_fin_des_images_:\n[FEUILLE_VOLANTE]: FinDesPhotos\n\n[commentaire3]: Liens_utiles_:\n[2022]: ?2022\n\n[commentaire4]: Contenu_du_panneau_de_droite_(ne_pas_utiliser_un_titre_de_niveau_inférieur_à_3)_:", "validationString"=>"@4Y>!Axy:#DIad>tiCu,Id9c@hB.M1o_iYjPAh<$3S?DTfSzG5qtfcEz3O3p)g>-\n@Uq.RV2goeH^4\"Gx4ps1UMeuh&drUO|)f=NKZZ9[\\=rwOc*[zcy9]qu!DSC8OD[b\n{.w%=i<,f>+b&U(/{@2y&D6zBW5cAf!w^niA1G%$#zx|4j7T>d5b4;`Wb'7Vq9gI\n`bpz7IK}m_owN1>EsmWt/W=gBnB>d325([*IGQZKVou|DVv78]}v,HDtGH[^=lp^", "id"=>"test", "edition"=>{"fileName"=>"test", "mainPage"=>"[commentaire1]: Liens_utiles\n[tuerie]: ?Tuerie\n\n[commentaire2]: Ecriture_du_texte", "sidePanel"=>"[commentaire1]: Liens_vers_les_images_(les_noms_des_liens_seront_utilisés_pour_nommer_les_onglets)_:\n[Portrait]: https://cdn.discordapp.com/attachments/1046024931139407902/1046025687103983656/Portrait.jpg\n\n[commentaire2]: Séparateur_indiquant_la_fin_des_images_:\n[FEUILLE_VOLANTE]: FinDesPhotos\n\n[commentaire3]: Liens_utiles_:\n[2022]: ?2022\n\n[commentaire4]: Contenu_du_panneau_de_droite_(ne_pas_utiliser_un_titre_de_niveau_inférieur_à_3)_:", "validationString"=>"@4Y>!Axy:#DIad>tiCu,Id9c@hB.M1o_iYjPAh<$3S?DTfSzG5qtfcEz3O3p)g>-\n@Uq.RV2goeH^4\"Gx4ps1UMeuh&drUO|)f=NKZZ9[\\=rwOc*[zcy9]qu!DSC8OD[b\n{.w%=i<,f>+b&U(/{@2y&D6zBW5cAf!w^niA1G%$#zx|4j7T>d5b4;`Wb'7Vq9gI\n`bpz7IK}m_owN1>EsmWt/W=gBnB>d325([*IGQZKVou|DVv78]}v,HDtGH[^=lp^"}}
Completed 500 Internal Server Error in 0ms (Allocations: 229)


  
Errno::ENOENT (No such file or directory @ rb_sysopen - ./main_pages/test.md):
  
app/controllers/edition_controller.rb:16:in `initialize'
app/controllers/edition_controller.rb:16:in `open'
app/controllers/edition_controller.rb:16:in `add_or_edit'
Started POST "/api/edit/test" for ::1 at 2022-12-19 21:54:53 +0100
Processing by EditionController#add_or_edit as */*
  Parameters: {"fileName"=>"test", "mainPage"=>"[commentaire1]: Liens_utiles\n[tuerie]: ?Tuerie\n\n[commentaire2]: Ecriture_du_texte", "sidePanel"=>"[commentaire1]: Liens_vers_les_images_(les_noms_des_liens_seront_utilisés_pour_nommer_les_onglets)_:\n[Portrait]: https://cdn.discordapp.com/attachments/1046024931139407902/1046025687103983656/Portrait.jpg\n\n[commentaire2]: Séparateur_indiquant_la_fin_des_images_:\n[FEUILLE_VOLANTE]: FinDesPhotos\n\n[commentaire3]: Liens_utiles_:\n[2022]: ?2022\n\n[commentaire4]: Contenu_du_panneau_de_droite_(ne_pas_utiliser_un_titre_de_niveau_inférieur_à_3)_:", "validationString"=>"@4Y>!Axy:#DIad>tiCu,Id9c@hB.M1o_iYjPAh<$3S?DTfSzG5qtfcEz3O3p)g>-\n@Uq.RV2goeH^4\"Gx4ps1UMeuh&drUO|)f=NKZZ9[\\=rwOc*[zcy9]qu!DSC8OD[b\n{.w%=i<,f>+b&U(/{@2y&D6zBW5cAf!w^niA1G%$#zx|4j7T>d5b4;`Wb'7Vq9gI\n`bpz7IK}m_owN1>EsmWt/W=gBnB>d325([*IGQZKVou|DVv78]}v,HDtGH[^=lp^", "id"=>"test", "edition"=>{"fileName"=>"test", "mainPage"=>"[commentaire1]: Liens_utiles\n[tuerie]: ?Tuerie\n\n[commentaire2]: Ecriture_du_texte", "sidePanel"=>"[commentaire1]: Liens_vers_les_images_(les_noms_des_liens_seront_utilisés_pour_nommer_les_onglets)_:\n[Portrait]: https://cdn.discordapp.com/attachments/1046024931139407902/1046025687103983656/Portrait.jpg\n\n[commentaire2]: Séparateur_indiquant_la_fin_des_images_:\n[FEUILLE_VOLANTE]: FinDesPhotos\n\n[commentaire3]: Liens_utiles_:\n[2022]: ?2022\n\n[commentaire4]: Contenu_du_panneau_de_droite_(ne_pas_utiliser_un_titre_de_niveau_inférieur_à_3)_:", "validationString"=>"@4Y>!Axy:#DIad>tiCu,Id9c@hB.M1o_iYjPAh<$3S?DTfSzG5qtfcEz3O3p)g>-\n@Uq.RV2goeH^4\"Gx4ps1UMeuh&drUO|)f=NKZZ9[\\=rwOc*[zcy9]qu!DSC8OD[b\n{.w%=i<,f>+b&U(/{@2y&D6zBW5cAf!w^niA1G%$#zx|4j7T>d5b4;`Wb'7Vq9gI\n`bpz7IK}m_owN1>EsmWt/W=gBnB>d325([*IGQZKVou|DVv78]}v,HDtGH[^=lp^"}}
No template found for EditionController#add_or_edit, rendering head :no_content
Completed 204 No Content in 2ms (Allocations: 670)


Started GET "/api/page/" for 127.0.0.1 at 2022-12-19 21:56:01 +0100
  
ActionController::RoutingError (No route matches [GET] "/api/page"):
  
Started GET "/api/side/" for 127.0.0.1 at 2022-12-19 21:56:01 +0100
  
ActionController::RoutingError (No route matches [GET] "/api/side"):
  
Started GET "/api/side/edit" for 127.0.0.1 at 2022-12-19 21:56:07 +0100
Processing by SidePanelController#side as */*
  Parameters: {"id"=>"edit"}
Completed 500 Internal Server Error in 0ms (Allocations: 143)


  
Errno::ENOENT (No such file or directory @ rb_sysopen - ./side_panels/edit.md):
  
app/controllers/side_panel_controller.rb:3:in `initialize'
app/controllers/side_panel_controller.rb:3:in `open'
app/controllers/side_panel_controller.rb:3:in `side'
Started POST "/api/edit/Michel" for 127.0.0.1 at 2022-12-19 22:01:31 +0100
Processing by EditionController#add_or_edit as */*
  Parameters: {"fileName"=>"Michel", "mainPage"=>"[commentaire1]: Liens_utiles\n[tuerie]: ?Tuerie\n\n[commentaire2]: Ecriture_du_texte\n\nJe ne pense pas qu'il soit nécessaire de vous faire un dessin pour que vous voyiez que c'est un bon gars ce bon vieux Michel !\n\nJe veux dire, tout le monde l'aime, tout le monde l'apprécie. Il n'a jamais fait de mal à une pauvre mouche égarrée qui passait par la notre cher Michel.  \nEt pourtant ! Et pourtant ! Il se trouve que c'est bien lui qui a tué le chat de Jeannine ! Eh oui ! La pauvre petite bête qui n'était que de passage chez notre ami Michel qui laisse toujours la fenêtre de sa cuisine ouverte, n'a pas trouvé de meilleure idée que d'aller se mettre sous sa couette.\n\nJe veux pas dire de mal de Michel, mais il a une certaine corpulence. Et il se trouve que Gégé le chat a été retrouvé mort suffoqué le lendemain matin, après avoir passé la nuit sous la jambe droite de Michel.\n\nMe demandez pas d'où je sors ça, c'est purement fictif ^^'", "sidePanel"=>"[commentaire1]: Liens_vers_les_images_(les_noms_des_liens_seront_utilisés_pour_nommer_les_onglets)_:\n[Portrait]: https://cdn.discordapp.com/attachments/1046024931139407902/1046025687103983656/Portrait.jpg\n\n[commentaire2]: Séparateur_indiquant_la_fin_des_images_:\n[FEUILLE_VOLANTE]: FinDesPhotos\n\n[commentaire3]: Liens_utiles_:\n[2022]: ?2022\n\n[commentaire4]: Contenu_du_panneau_de_droite_(ne_pas_utiliser_un_titre_de_niveau_inférieur_à_3)_:\nÉcoutez, écoutez... Je ne sais trop que dire sur Michel", "validationString"=>"@4Y>!Axy:#DIad>tiCu,Id9c@hB.M1o_iYjPAh<$3S?DTfSzG5qtfcEz3O3p)g>-\n@Uq.RV2goeH^4\"Gx4ps1UMeuh&drUO|)f=NKZZ9[\\=rwOc*[zcy9]qu!DSC8OD[b\n{.w%=i<,f>+b&U(/{@2y&D6zBW5cAf!w^niA1G%$#zx|4j7T>d5b4;`Wb'7Vq9gI\n`bpz7IK}m_owN1>EsmWt/W=gBnB>d325([*IGQZKVou|DVv78]}v,HDtGH[^=lp^", "id"=>"Michel", "edition"=>{"fileName"=>"Michel", "mainPage"=>"[commentaire1]: Liens_utiles\n[tuerie]: ?Tuerie\n\n[commentaire2]: Ecriture_du_texte\n\nJe ne pense pas qu'il soit nécessaire de vous faire un dessin pour que vous voyiez que c'est un bon gars ce bon vieux Michel !\n\nJe veux dire, tout le monde l'aime, tout le monde l'apprécie. Il n'a jamais fait de mal à une pauvre mouche égarrée qui passait par la notre cher Michel.  \nEt pourtant ! Et pourtant ! Il se trouve que c'est bien lui qui a tué le chat de Jeannine ! Eh oui ! La pauvre petite bête qui n'était que de passage chez notre ami Michel qui laisse toujours la fenêtre de sa cuisine ouverte, n'a pas trouvé de meilleure idée que d'aller se mettre sous sa couette.\n\nJe veux pas dire de mal de Michel, mais il a une certaine corpulence. Et il se trouve que Gégé le chat a été retrouvé mort suffoqué le lendemain matin, après avoir passé la nuit sous la jambe droite de Michel.\n\nMe demandez pas d'où je sors ça, c'est purement fictif ^^'", "sidePanel"=>"[commentaire1]: Liens_vers_les_images_(les_noms_des_liens_seront_utilisés_pour_nommer_les_onglets)_:\n[Portrait]: https://cdn.discordapp.com/attachments/1046024931139407902/1046025687103983656/Portrait.jpg\n\n[commentaire2]: Séparateur_indiquant_la_fin_des_images_:\n[FEUILLE_VOLANTE]: FinDesPhotos\n\n[commentaire3]: Liens_utiles_:\n[2022]: ?2022\n\n[commentaire4]: Contenu_du_panneau_de_droite_(ne_pas_utiliser_un_titre_de_niveau_inférieur_à_3)_:\nÉcoutez, écoutez... Je ne sais trop que dire sur Michel", "validationString"=>"@4Y>!Axy:#DIad>tiCu,Id9c@hB.M1o_iYjPAh<$3S?DTfSzG5qtfcEz3O3p)g>-\n@Uq.RV2goeH^4\"Gx4ps1UMeuh&drUO|)f=NKZZ9[\\=rwOc*[zcy9]qu!DSC8OD[b\n{.w%=i<,f>+b&U(/{@2y&D6zBW5cAf!w^niA1G%$#zx|4j7T>d5b4;`Wb'7Vq9gI\n`bpz7IK}m_owN1>EsmWt/W=gBnB>d325([*IGQZKVou|DVv78]}v,HDtGH[^=lp^"}}
No template found for EditionController#add_or_edit, rendering head :no_content
Completed 204 No Content in 1ms (Allocations: 373)


Started POST "/api/edit/Michel" for 127.0.0.1 at 2022-12-19 22:01:42 +0100
Processing by EditionController#add_or_edit as */*
  Parameters: {"fileName"=>"Michel", "mainPage"=>"[commentaire1]: Liens_utiles\n[tuerie]: ?Tuerie\n\n[commentaire2]: Ecriture_du_texte\n\nJe ne pense pas qu'il soit nécessaire de vous faire un dessin pour que vous voyiez que c'est un bon gars ce bon vieux Michel !\n\nJe veux dire, tout le monde l'aime, tout le monde l'apprécie. Il n'a jamais fait de mal à une pauvre mouche égarrée qui passait par la notre cher Michel.  \nEt pourtant ! Et pourtant ! Il se trouve que c'est bien lui qui a tué le chat de Jeannine ! Eh oui ! La pauvre petite bête qui n'était que de passage chez notre ami Michel qui laisse toujours la fenêtre de sa cuisine ouverte, n'a pas trouvé de meilleure idée que d'aller se mettre sous sa couette.\n\nJe veux pas dire de mal de Michel, mais il a une certaine corpulence. Et il se trouve que Gégé le chat a été retrouvé mort suffoqué le lendemain matin, après avoir passé la nuit sous la jambe droite de Michel.\n\nMe demandez pas d'où je sors ça, c'est purement fictif ^^'", "sidePanel"=>"[commentaire1]: Liens_vers_les_images_(les_noms_des_liens_seront_utilisés_pour_nommer_les_onglets)_:\n[Portrait]: https://cdn.discordapp.com/attachments/1046024931139407902/1046025687103983656/Portrait.jpg\n\n[commentaire2]: Séparateur_indiquant_la_fin_des_images_:\n[FEUILLE_VOLANTE]: FinDesPhotos\n\n[commentaire3]: Liens_utiles_:\n[2022]: ?2022\n\n[commentaire4]: Contenu_du_panneau_de_droite_(ne_pas_utiliser_un_titre_de_niveau_inférieur_à_3)_:\nÉcoutez, écoutez... Je ne sais trop que dire sur Michel", "validationString"=>"@4Y>!Axy:#DIad>tiCu,Id9c@hB.M1o_iYjPAh<$3S?DTfSzG5qtfcEz3O3p)g>-\n@Uq.RV2goeH^4\"Gx4ps1UMeuh&drUO|)f=NKZZ9[\\=rwOc*[zcy9]qu!DSC8OD[b\n{.w%=i<,f>+b&U(/{@2y&D6zBW5cAf!w^niA1G%$#zx|4j7T>d5b4;`Wb'7Vq9gI\n`bpz7IK}m_owN1>EsmWt/W=gBnB>d325([*IGQZKVou|DVv78]}v,HDtGH[^=lp^", "id"=>"Michel", "edition"=>{"fileName"=>"Michel", "mainPage"=>"[commentaire1]: Liens_utiles\n[tuerie]: ?Tuerie\n\n[commentaire2]: Ecriture_du_texte\n\nJe ne pense pas qu'il soit nécessaire de vous faire un dessin pour que vous voyiez que c'est un bon gars ce bon vieux Michel !\n\nJe veux dire, tout le monde l'aime, tout le monde l'apprécie. Il n'a jamais fait de mal à une pauvre mouche égarrée qui passait par la notre cher Michel.  \nEt pourtant ! Et pourtant ! Il se trouve que c'est bien lui qui a tué le chat de Jeannine ! Eh oui ! La pauvre petite bête qui n'était que de passage chez notre ami Michel qui laisse toujours la fenêtre de sa cuisine ouverte, n'a pas trouvé de meilleure idée que d'aller se mettre sous sa couette.\n\nJe veux pas dire de mal de Michel, mais il a une certaine corpulence. Et il se trouve que Gégé le chat a été retrouvé mort suffoqué le lendemain matin, après avoir passé la nuit sous la jambe droite de Michel.\n\nMe demandez pas d'où je sors ça, c'est purement fictif ^^'", "sidePanel"=>"[commentaire1]: Liens_vers_les_images_(les_noms_des_liens_seront_utilisés_pour_nommer_les_onglets)_:\n[Portrait]: https://cdn.discordapp.com/attachments/1046024931139407902/1046025687103983656/Portrait.jpg\n\n[commentaire2]: Séparateur_indiquant_la_fin_des_images_:\n[FEUILLE_VOLANTE]: FinDesPhotos\n\n[commentaire3]: Liens_utiles_:\n[2022]: ?2022\n\n[commentaire4]: Contenu_du_panneau_de_droite_(ne_pas_utiliser_un_titre_de_niveau_inférieur_à_3)_:\nÉcoutez, écoutez... Je ne sais trop que dire sur Michel", "validationString"=>"@4Y>!Axy:#DIad>tiCu,Id9c@hB.M1o_iYjPAh<$3S?DTfSzG5qtfcEz3O3p)g>-\n@Uq.RV2goeH^4\"Gx4ps1UMeuh&drUO|)f=NKZZ9[\\=rwOc*[zcy9]qu!DSC8OD[b\n{.w%=i<,f>+b&U(/{@2y&D6zBW5cAf!w^niA1G%$#zx|4j7T>d5b4;`Wb'7Vq9gI\n`bpz7IK}m_owN1>EsmWt/W=gBnB>d325([*IGQZKVou|DVv78]}v,HDtGH[^=lp^"}}
No template found for EditionController#add_or_edit, rendering head :no_content
Completed 204 No Content in 3ms (Allocations: 130)


Started GET "/api/list" for 127.0.0.1 at 2022-12-19 22:01:52 +0100
Processing by MainPagesController#list as */*
  Rendering main_pages/list.json.jbuilder
  Rendered main_pages/list.json.jbuilder (Duration: 1.0ms | Allocations: 446)
Completed 200 OK in 9ms (Views: 5.9ms | Allocations: 1966)


Started GET "/api/page/Michel" for 127.0.0.1 at 2022-12-19 22:01:56 +0100
Processing by MainPagesController#page as */*
  Parameters: {"id"=>"Michel"}
  Rendering main_pages/page.json.jbuilder
  Rendered main_pages/page.json.jbuilder (Duration: 8.1ms | Allocations: 103)
Completed 200 OK in 9ms (Views: 8.5ms | Allocations: 418)


Started GET "/api/side/Michel" for 127.0.0.1 at 2022-12-19 22:01:56 +0100
Processing by SidePanelController#side as */*
  Parameters: {"id"=>"Michel"}
  Rendering side_panel/side.json.jbuilder
  Rendered side_panel/side.json.jbuilder (Duration: 4.8ms | Allocations: 131)
Completed 200 OK in 9ms (Views: 8.7ms | Allocations: 640)


Started GET "/api/list" for 127.0.0.1 at 2022-12-19 22:02:36 +0100
Processing by MainPagesController#list as */*
  Rendering main_pages/list.json.jbuilder
  Rendered main_pages/list.json.jbuilder (Duration: 0.5ms | Allocations: 195)
Completed 200 OK in 2ms (Views: 2.2ms | Allocations: 447)


